<?xml version="1.0" encoding="UTF-8"?>
<testsuite name="edu.duke.bw224.battleship.BattleShipBoardTest" tests="6" skipped="0" failures="0" errors="0" timestamp="2023-02-09T03:32:01" hostname="Boyis-MacBook-Pro.local" time="0.005">
  <properties/>
  <testcase name="test_fire_at()" classname="edu.duke.bw224.battleship.BattleShipBoardTest" time="0.001"/>
  <testcase name="test_get_ships_and_at()" classname="edu.duke.bw224.battleship.BattleShipBoardTest" time="0.0"/>
  <testcase name="test_try_add_ship()" classname="edu.duke.bw224.battleship.BattleShipBoardTest" time="0.001"/>
  <testcase name="test_width_and_height()" classname="edu.duke.bw224.battleship.BattleShipBoardTest" time="0.0"/>
  <testcase name="test_invalid_dimensions()" classname="edu.duke.bw224.battleship.BattleShipBoardTest" time="0.002"/>
  <testcase name="test_what_is_at()" classname="edu.duke.bw224.battleship.BattleShipBoardTest" time="0.001"/>
  <system-out><![CDATA[]]></system-out>
  <system-err><![CDATA[]]></system-err>
</testsuite>
