<?xml version="1.0" encoding="UTF-8"?>
<testsuite name="edu.duke.bw224.battleship.RectangleShipTest" tests="7" skipped="0" failures="0" errors="0" timestamp="2023-02-09T21:43:50" hostname="Boyis-MacBook-Pro.local" time="0.003">
  <properties/>
  <testcase name="test_to_string()" classname="edu.duke.bw224.battleship.RectangleShipTest" time="0.0"/>
  <testcase name="test_get_display_info_at()" classname="edu.duke.bw224.battleship.RectangleShipTest" time="0.001"/>
  <testcase name="test_rectangle_ship_pieces()" classname="edu.duke.bw224.battleship.RectangleShipTest" time="0.0"/>
  <testcase name="test_is_sunk()" classname="edu.duke.bw224.battleship.RectangleShipTest" time="0.0"/>
  <testcase name="test_make_coords()" classname="edu.duke.bw224.battleship.RectangleShipTest" time="0.0"/>
  <testcase name="test_was_hit_at()" classname="edu.duke.bw224.battleship.RectangleShipTest" time="0.001"/>
  <testcase name="test_record_hit_at()" classname="edu.duke.bw224.battleship.RectangleShipTest" time="0.0"/>
  <system-out><![CDATA[]]></system-out>
  <system-err><![CDATA[]]></system-err>
</testsuite>
