<?xml version="1.0" encoding="UTF-8"?>
<testsuite name="edu.duke.bw224.battleship.NoCollisionRuleCheckerTest" tests="2" skipped="0" failures="0" errors="0" timestamp="2023-02-09T02:44:53" hostname="Boyis-MacBook-Pro.local" time="0.0">
  <properties/>
  <testcase name="test_no_collision_rule()" classname="edu.duke.bw224.battleship.NoCollisionRuleCheckerTest" time="0.0"/>
  <testcase name="test_rule_checker_chain()" classname="edu.duke.bw224.battleship.NoCollisionRuleCheckerTest" time="0.0"/>
  <system-out><![CDATA[]]></system-out>
  <system-err><![CDATA[]]></system-err>
</testsuite>
