<?xml version="1.0" encoding="UTF-8"?>
<testsuite name="edu.duke.bw224.battleship.TextPlayerTest" tests="7" skipped="1" failures="0" errors="0" timestamp="2023-02-10T23:09:13" hostname="Boyis-MacBook-Pro.local" time="0.006">
  <properties/>
  <testcase name="test_do_one_fire()" classname="edu.duke.bw224.battleship.TextPlayerTest" time="0.002"/>
  <testcase name="test_read_action_choice()" classname="edu.duke.bw224.battleship.TextPlayerTest" time="0.001"/>
  <testcase name="test_play_one_turn()" classname="edu.duke.bw224.battleship.TextPlayerTest" time="0.0">
    <skipped/>
  </testcase>
  <testcase name="test_do_one_placement()" classname="edu.duke.bw224.battleship.TextPlayerTest" time="0.001"/>
  <testcase name="test_text_player_creation()" classname="edu.duke.bw224.battleship.TextPlayerTest" time="0.0"/>
  <testcase name="test_read_placement()" classname="edu.duke.bw224.battleship.TextPlayerTest" time="0.0"/>
  <testcase name="test_read_coordinate()" classname="edu.duke.bw224.battleship.TextPlayerTest" time="0.001"/>
  <system-out><![CDATA[]]></system-out>
  <system-err><![CDATA[]]></system-err>
</testsuite>
