<?xml version="1.0" encoding="UTF-8"?>
<testsuite name="edu.duke.bw224.battleship.V2ShipFactoryTest" tests="1" skipped="0" failures="0" errors="0" timestamp="2023-02-10T04:46:03" hostname="Boyis-MacBook-Pro.local" time="0.001">
  <properties/>
  <testcase name="test_ship_factory()" classname="edu.duke.bw224.battleship.V2ShipFactoryTest" time="0.001"/>
  <system-out><![CDATA[]]></system-out>
  <system-err><![CDATA[]]></system-err>
</testsuite>
