<?xml version="1.0" encoding="UTF-8"?>
<testsuite name="edu.duke.bw224.battleship.CoordinateTest" tests="6" skipped="0" failures="0" errors="0" timestamp="2023-02-09T02:44:53" hostname="Boyis-MacBook-Pro.local" time="0.003">
  <properties/>
  <testcase name="test_row_and_col()" classname="edu.duke.bw224.battleship.CoordinateTest" time="0.0"/>
  <testcase name="test_string_constructor_valid_cases()" classname="edu.duke.bw224.battleship.CoordinateTest" time="0.001"/>
  <testcase name="test_hashCode()" classname="edu.duke.bw224.battleship.CoordinateTest" time="0.0"/>
  <testcase name="test_string_constructor_error_cases()" classname="edu.duke.bw224.battleship.CoordinateTest" time="0.001"/>
  <testcase name="test_equals()" classname="edu.duke.bw224.battleship.CoordinateTest" time="0.001"/>
  <testcase name="test_toString()" classname="edu.duke.bw224.battleship.CoordinateTest" time="0.0"/>
  <system-out><![CDATA[]]></system-out>
  <system-err><![CDATA[]]></system-err>
</testsuite>
