<?xml version="1.0" encoding="UTF-8"?>
<testsuite name="edu.duke.bw224.battleship.AppTest" tests="3" skipped="0" failures="0" errors="0" timestamp="2023-01-29T16:38:27" hostname="Boyis-MacBook-Pro.local" time="0.024">
  <properties/>
  <testcase name="test_main()" classname="edu.duke.bw224.battleship.AppTest" time="0.02"/>
  <testcase name="test_do_one_placement()" classname="edu.duke.bw224.battleship.AppTest" time="0.004"/>
  <testcase name="test_read_placement()" classname="edu.duke.bw224.battleship.AppTest" time="0.0"/>
  <system-out><![CDATA[]]></system-out>
  <system-err><![CDATA[]]></system-err>
</testsuite>
