<?xml version="1.0" encoding="UTF-8"?>
<testsuite name="edu.duke.bw224.battleship.CoordinateTest" tests="1" skipped="0" failures="0" errors="0" timestamp="2023-01-25T18:16:32" hostname="Boyis-MBP.lan" time="0.031">
  <properties/>
  <testcase name="test_string_constructor_error_cases()" classname="edu.duke.bw224.battleship.CoordinateTest" time="0.031"/>
  <system-out><![CDATA[00
AA
@
[
A/
A:
A
]]></system-out>
  <system-err><![CDATA[]]></system-err>
</testsuite>
