<?xml version="1.0" encoding="UTF-8"?>
<testsuite name="edu.duke.bw224.battleship.TextPlayerTest" tests="2" skipped="0" failures="0" errors="0" timestamp="2023-02-09T01:56:18" hostname="Boyis-MacBook-Pro.local" time="0.002">
  <properties/>
  <testcase name="test_do_one_placement()" classname="edu.duke.bw224.battleship.TextPlayerTest" time="0.002"/>
  <testcase name="test_read_placement()" classname="edu.duke.bw224.battleship.TextPlayerTest" time="0.0"/>
  <system-out><![CDATA[]]></system-out>
  <system-err><![CDATA[]]></system-err>
</testsuite>
