<?xml version="1.0" encoding="UTF-8"?>
<testsuite name="AppTest" tests="1" skipped="0" failures="0" errors="0" timestamp="2023-02-09T01:56:18" hostname="Boyis-MacBook-Pro.local" time="0.029">
  <properties/>
  <testcase name="test_main()" classname="AppTest" time="0.029"/>
  <system-out><![CDATA[]]></system-out>
  <system-err><![CDATA[]]></system-err>
</testsuite>
