<?xml version="1.0" encoding="UTF-8"?>
<testsuite name="edu.duke.bw224.battleship.AllSunkWinCheckTest" tests="1" skipped="0" failures="0" errors="0" timestamp="2023-02-09T03:32:01" hostname="Boyis-MacBook-Pro.local" time="0.001">
  <properties/>
  <testcase name="test_all_sunk_win_check()" classname="edu.duke.bw224.battleship.AllSunkWinCheckTest" time="0.001"/>
  <system-out><![CDATA[]]></system-out>
  <system-err><![CDATA[]]></system-err>
</testsuite>
