<?xml version="1.0" encoding="UTF-8"?>
<testsuite name="edu.duke.bw224.battleship.ZShipTest" tests="3" skipped="0" failures="0" errors="0" timestamp="2023-02-10T23:09:13" hostname="Boyis-MacBook-Pro.local" time="0.002">
  <properties/>
  <testcase name="test_to_string()" classname="edu.duke.bw224.battleship.ZShipTest" time="0.0"/>
  <testcase name="test_Z_ship_pieces()" classname="edu.duke.bw224.battleship.ZShipTest" time="0.001"/>
  <testcase name="test_make_coords()" classname="edu.duke.bw224.battleship.ZShipTest" time="0.001"/>
  <system-out><![CDATA[]]></system-out>
  <system-err><![CDATA[]]></system-err>
</testsuite>
