<?xml version="1.0" encoding="UTF-8"?>
<testsuite name="edu.duke.bw224.battleship.BoardTextViewTest" tests="6" skipped="0" failures="0" errors="0" timestamp="2023-02-09T02:44:53" hostname="Boyis-MacBook-Pro.local" time="0.004">
  <properties/>
  <testcase name="test_invalid_board_size()" classname="edu.duke.bw224.battleship.BoardTextViewTest" time="0.001"/>
  <testcase name="test_display_with_ship_4by3()" classname="edu.duke.bw224.battleship.BoardTextViewTest" time="0.001"/>
  <testcase name="test_display_my_board_with_enemy_next_to_it()" classname="edu.duke.bw224.battleship.BoardTextViewTest" time="0.0"/>
  <testcase name="test_display_empty_2by2()" classname="edu.duke.bw224.battleship.BoardTextViewTest" time="0.0"/>
  <testcase name="test_display_empty_3by2()" classname="edu.duke.bw224.battleship.BoardTextViewTest" time="0.0"/>
  <testcase name="test_display_empty_3by5()" classname="edu.duke.bw224.battleship.BoardTextViewTest" time="0.0"/>
  <system-out><![CDATA[]]></system-out>
  <system-err><![CDATA[]]></system-err>
</testsuite>
