<?xml version="1.0" encoding="UTF-8"?>
<testsuite name="edu.duke.bw224.battleship.BattleShipBoardTest" tests="5" skipped="0" failures="0" errors="0" timestamp="2023-02-09T02:44:53" hostname="Boyis-MacBook-Pro.local" time="0.004">
  <properties/>
  <testcase name="test_fire_at()" classname="edu.duke.bw224.battleship.BattleShipBoardTest" time="0.001"/>
  <testcase name="test_try_add_ship()" classname="edu.duke.bw224.battleship.BattleShipBoardTest" time="0.0"/>
  <testcase name="test_width_and_height()" classname="edu.duke.bw224.battleship.BattleShipBoardTest" time="0.001"/>
  <testcase name="test_invalid_dimensions()" classname="edu.duke.bw224.battleship.BattleShipBoardTest" time="0.001"/>
  <testcase name="test_what_is_at()" classname="edu.duke.bw224.battleship.BattleShipBoardTest" time="0.001"/>
  <system-out><![CDATA[]]></system-out>
  <system-err><![CDATA[]]></system-err>
</testsuite>
